2025-07-31 16:44:57,293 - INFO - --- [TASK START] 채널 분석 시작 (AI 리포트 포함): UCjTiRefUeJ4YNXG-nLNEclQ ---
2025-07-31 16:44:57,305 - INFO - 채널 기본 데이터 추출 중... (1/5)
2025-07-31 16:44:58,450 - INFO - 예상 수익 계산 중... (2/5)
2025-07-31 16:44:58,452 - INFO - 콘텐츠 전략 분석 중... (3/5)
2025-07-31 16:45:01,634 - INFO - 인기 동영상 정보 추가 시작...
2025-07-31 16:45:02,195 - INFO - AI 벤치마킹 리포트 생성 중... (4/5)
2025-07-31 16:45:02,196 - INFO - 리포트 생성을 위해 인기 영상 대본 추출 시작...
2025-07-31 16:46:02,528 - INFO - 인기 영상 대본 요약 완료. AI 리포트 생성 요청.
2025-07-31 16:46:36,735 - INFO - AI 벤치마킹 리포트 생성 완료.
2025-07-31 16:46:36,737 - INFO - 최종 결과 취합 중... (5/5)
2025-07-31 16:46:36,738 - INFO - --- [TASK SUCCESS] 채널 분석 전체 완료: UCjTiRefUeJ4YNXG-nLNEclQ ---
2025-07-31 17:24:59,282 - INFO - --- [TASK START] 채널 분석 시작 (AI 리포트 포함): UCjTiRefUeJ4YNXG-nLNEclQ ---
2025-07-31 17:24:59,284 - INFO - 채널 기본 데이터 추출 중... (1/5)
2025-07-31 17:25:00,448 - INFO - 예상 수익 계산 중... (2/5)
2025-07-31 17:25:00,449 - INFO - 콘텐츠 전략 분석 중... (3/5)
2025-07-31 17:25:03,462 - INFO - 인기 동영상 정보 추가 시작...
2025-07-31 17:25:04,008 - INFO - AI 벤치마킹 리포트 생성 중... (4/5)
2025-07-31 17:25:04,008 - INFO - 리포트 생성을 위해 인기 영상 대본 추출 시작...
2025-07-31 17:26:00,186 - INFO - 인기 영상 대본 요약 완료. AI 리포트 생성 요청.
2025-07-31 17:26:21,177 - INFO - AI 벤치마킹 리포트 생성 완료.
2025-07-31 17:26:21,178 - INFO - 최종 결과 취합 중... (5/5)
2025-07-31 17:26:21,179 - INFO - --- [TASK SUCCESS] 채널 분석 전체 완료: UCjTiRefUeJ4YNXG-nLNEclQ ---
2025-08-02 15:15:34,940 - INFO - --- [TASK START] 채널 분석 시작 (AI 리포트 포함): UCjTiRefUeJ4YNXG-nLNEclQ ---
2025-08-02 15:15:34,942 - INFO - 채널 기본 데이터 추출 중... (1/5)
2025-08-02 15:15:36,030 - INFO - 예상 수익 계산 중... (2/5)
2025-08-02 15:15:36,031 - INFO - 콘텐츠 전략 분석 중... (3/5)
2025-08-02 15:15:38,411 - INFO - 인기 동영상 정보 추가 시작...
2025-08-02 15:15:38,976 - INFO - AI 벤치마킹 리포트 생성 중... (4/5)
2025-08-02 15:15:38,977 - INFO - 리포트 생성을 위해 인기 영상 대본 추출 시작...
2025-08-02 15:16:27,340 - INFO - 인기 영상 대본 요약 완료. AI 리포트 생성 요청.
2025-08-02 15:16:49,267 - INFO - AI 벤치마킹 리포트 생성 완료.
2025-08-02 15:16:49,268 - INFO - 최종 결과 취합 중... (5/5)
2025-08-02 15:16:49,269 - INFO - --- [TASK SUCCESS] 채널 분석 전체 완료: UCjTiRefUeJ4YNXG-nLNEclQ ---
2025-08-03 12:58:13,661 - INFO - --- [TASK START] 채널 분석 시작 (AI 리포트 포함): UCjTiRefUeJ4YNXG-nLNEclQ ---
2025-08-03 12:58:13,662 - INFO - 채널 기본 데이터 추출 중... (1/5)
2025-08-03 12:58:14,924 - INFO - 예상 수익 계산 중... (2/5)
2025-08-03 12:58:14,925 - INFO - 콘텐츠 전략 분석 중... (3/5)
2025-08-03 12:58:17,960 - INFO - 인기 동영상 정보 추가 시작...
2025-08-03 12:58:18,502 - INFO - AI 벤치마킹 리포트 생성 중... (4/5)
2025-08-03 12:58:18,503 - INFO - 리포트 생성을 위해 인기 영상 대본 추출 시작...
2025-08-03 12:59:03,677 - INFO - 인기 영상 대본 요약 완료. AI 리포트 생성 요청.
2025-08-03 12:59:26,609 - INFO - AI 벤치마킹 리포트 생성 완료.
2025-08-03 12:59:26,612 - INFO - 최종 결과 취합 중... (5/5)
2025-08-03 12:59:26,612 - INFO - --- [TASK SUCCESS] 채널 분석 전체 완료: UCjTiRefUeJ4YNXG-nLNEclQ ---
2025-08-03 17:34:00,277 - INFO - --- [TASK START] 채널 분석 시작 (AI 리포트 포함): UCjTiRefUeJ4YNXG-nLNEclQ ---
2025-08-03 17:34:00,278 - INFO - 채널 기본 데이터 추출 중... (1/4)
2025-08-03 17:34:01,667 - INFO - 예상 수익 계산 중... (2/4)
2025-08-03 17:34:01,668 - INFO - 콘텐츠 전략 분석 중... (3/4)
2025-08-03 17:34:04,835 - INFO - 인기 동영상 정보 추가 시작...
2025-08-03 17:34:06,286 - INFO - AI 벤치마킹 리포트 생성 중... (4/4)
2025-08-03 17:34:06,287 - INFO - AI 리포트 생성을 시작합니다 (영상 대본 분석은 제외하여 속도 개선).
2025-08-03 17:34:06,287 - ERROR - AI 벤치마킹 리포트 생성 중 오류 발생: generate_benchmark_report() missing 1 required positional argument: 'top_video_transcripts'
Traceback (most recent call last):
  File "C:\Users\user\Desktop\my-youtube-project\celery_worker.py", line 288, in analyze_channel_task
    report_text = ai_service.generate_benchmark_report(
                  ^^^^^^^^^^^^^^^^^^^^^^^^^^^^^^^^^^^^^
TypeError: generate_benchmark_report() missing 1 required positional argument: 'top_video_transcripts'
2025-08-03 17:34:06,289 - INFO - 최종 결과 취합 중...
2025-08-03 17:34:06,289 - INFO - --- [TASK SUCCESS] 채널 분석 전체 완료: UCjTiRefUeJ4YNXG-nLNEclQ ---
2025-08-03 17:34:58,055 - INFO - --- [TASK START] 채널 분석 시작 (AI 리포트 포함): UCjTiRefUeJ4YNXG-nLNEclQ ---
2025-08-03 17:34:58,057 - INFO - 채널 기본 데이터 추출 중... (1/5)
2025-08-03 17:34:59,391 - INFO - 예상 수익 계산 중... (2/5)
2025-08-03 17:34:59,393 - INFO - 콘텐츠 전략 분석 중... (3/5)
2025-08-03 17:35:02,867 - INFO - 인기 동영상 정보 추가 시작...
2025-08-03 17:35:03,470 - INFO - AI 벤치마킹 리포트 생성 중... (4/5)
2025-08-03 17:35:03,472 - INFO - 리포트 생성을 위해 인기 영상 대본 추출 시작...
2025-08-03 17:36:08,653 - INFO - 인기 영상 대본 요약 완료. AI 리포트 생성 요청.
2025-08-03 17:36:25,679 - INFO - AI 벤치마킹 리포트 생성 완료.
2025-08-03 17:36:25,680 - INFO - 최종 결과 취합 중... (5/5)
2025-08-03 17:36:25,681 - INFO - --- [TASK SUCCESS] 채널 분석 전체 완료: UCjTiRefUeJ4YNXG-nLNEclQ ---
2025-08-03 18:10:29,073 - INFO - --- [TASK START] 채널 분석 시작 (AI 리포트 포함): https://youtube.com/channel/UCV53pZJDPu5OJouCNFChVCQ?si=JwOGu3RZenr2L7CD ---
2025-08-03 18:10:29,074 - INFO - 채널 기본 데이터 추출 중... (1/5)
2025-08-03 18:10:30,602 - INFO - 예상 수익 계산 중... (2/5)
2025-08-03 18:10:30,603 - INFO - 콘텐츠 전략 분석 중... (3/5)
2025-08-03 18:10:33,607 - INFO - 인기 동영상 정보 추가 시작...
2025-08-03 18:10:34,564 - INFO - AI 벤치마킹 리포트 생성 중... (4/5)
2025-08-03 18:10:34,565 - INFO - 리포트 생성을 위해 인기 영상 대본 추출 시작...
2025-08-03 18:11:27,520 - INFO - 인기 영상 대본 요약 완료. AI 리포트 생성 요청.
2025-08-03 18:11:56,651 - INFO - AI 벤치마킹 리포트 생성 완료.
2025-08-03 18:11:56,652 - INFO - 최종 결과 취합 중... (5/5)
2025-08-03 18:11:56,654 - INFO - --- [TASK SUCCESS] 채널 분석 전체 완료: https://youtube.com/channel/UCV53pZJDPu5OJouCNFChVCQ?si=JwOGu3RZenr2L7CD ---
